Change Component Footprint: Designator=C26 Old Footprint=6-0805_L New Footprint=C1206
Change Component Footprint: Designator=C19 Old Footprint=C1206 New Footprint=6-0805_L
Change Component Footprint: Designator=D1 Old Footprint=SOD-323 New Footprint=1608[0603]
Change Component Footprint: Designator=D4 Old Footprint=SOD-323 New Footprint=1608[0603]
Change Component Footprint: Designator=D5 Old Footprint=SOD-323 New Footprint=1608[0603]
Change Component Designator: OldDesignator=BAT NewDesignator=BAT1
Change Component Designator: OldDesignator=C15 NewDesignator=C14
Change Component Designator: OldDesignator=C16 NewDesignator=C15
Change Component Designator: OldDesignator=C17 NewDesignator=C16
Change Component Designator: OldDesignator=C18 NewDesignator=C17
Change Component Designator: OldDesignator=C19 NewDesignator=C18
Change Component Designator: OldDesignator=C20 NewDesignator=C19
Change Component Designator: OldDesignator=C21 NewDesignator=C20
Change Component Designator: OldDesignator=C22 NewDesignator=C21
Change Component Designator: OldDesignator=C23 NewDesignator=C22
Change Component Designator: OldDesignator=C24 NewDesignator=C23
Change Component Designator: OldDesignator=C25 NewDesignator=C24
Change Component Designator: OldDesignator=C26 NewDesignator=C25
Change Component Designator: OldDesignator=G NewDesignator=G1
Change Component Designator: OldDesignator=HM-11 NewDesignator=HM-1
Change Component Designator: OldDesignator=I2C NewDesignator=I1
Change Component Designator: OldDesignator=IMU NewDesignator=IMU1
Change Component Designator: OldDesignator=MOTOR NewDesignator=MOTOR1
Change Component Designator: OldDesignator=PSW NewDesignator=PSW1
Change Component Designator: OldDesignator=R8 NewDesignator=R7
Change Component Designator: OldDesignator=R9 NewDesignator=R8
Change Component Designator: OldDesignator=R10 NewDesignator=R9
Change Component Designator: OldDesignator=R11 NewDesignator=R10
Change Component Designator: OldDesignator=R12 NewDesignator=R11
Change Component Designator: OldDesignator=R13 NewDesignator=R12
Change Component Designator: OldDesignator=R14 NewDesignator=R13
Change Component Designator: OldDesignator=R15 NewDesignator=R14
Change Component Designator: OldDesignator=R16 NewDesignator=R15
Change Component Designator: OldDesignator=R17 NewDesignator=R16
Change Component Designator: OldDesignator=R18 NewDesignator=R17
Change Component Designator: OldDesignator=R19 NewDesignator=R18
Change Component Designator: OldDesignator=R20 NewDesignator=R19
Change Component Designator: OldDesignator=R21 NewDesignator=R20
Change Component Designator: OldDesignator=R22 NewDesignator=R21
Change Component Designator: OldDesignator=R23 NewDesignator=R22
Change Component Designator: OldDesignator=R24 NewDesignator=R23
Change Component Designator: OldDesignator=SWD NewDesignator=SWD1
Change component parameters: Designator = "C19"; Footprint = "1608[0603]"; UniqueID = "\KEBGBBPD"
Change component parameters. Clean all parameters for all variants
Change component parameters (AddParameter): Name = "LatestRevisionDate"; Value = "29-May-2009"; VariantName = "[No Variations]"
Change component parameters (AddParameter): Name = "LatestRevisionNote"; Value = "IPC-7351 Footprint Added."; VariantName = "[No Variations]"
Change component parameters (AddParameter): Name = "PackageDescription"; Value = "Chip Capacitor"; VariantName = "[No Variations]"
Change component parameters (AddParameter): Name = "PackageReference"; Value = "C1206"; VariantName = "[No Variations]"
Change component parameters (AddParameter): Name = "Published"; Value = "8-Jun-2000"; VariantName = "[No Variations]"
Change component parameters (AddParameter): Name = "Publisher"; Value = "Altium Limited"; VariantName = "[No Variations]"
Change component parameters (AddParameter): Name = "Value"; Value = "1uF"; VariantName = "[No Variations]"
Added Component: Designator=C26(6-0805_M)
Add component. Clean all parameters for all variants
Add component (AddParameter): Name = "LatestRevisionDate"; Value = "29-May-2009"; VariantName = "[No Variations]"
Add component (AddParameter): Name = "LatestRevisionNote"; Value = "IPC-7351 Footprint Added."; VariantName = "[No Variations]"
Add component (AddParameter): Name = "PackageDescription"; Value = "Chip Capacitor"; VariantName = "[No Variations]"
Add component (AddParameter): Name = "PackageReference"; Value = "C1206"; VariantName = "[No Variations]"
Add component (AddParameter): Name = "Published"; Value = "8-Jun-2000"; VariantName = "[No Variations]"
Add component (AddParameter): Name = "Publisher"; Value = "Altium Limited"; VariantName = "[No Variations]"
Add component (AddParameter): Name = "Value"; Value = "1uF"; VariantName = "[No Variations]"
Added Component: Designator=LED(HDR2X5_CEN)
Add component. Clean all parameters for all variants
Add component (AddParameter): Name = "LatestRevisionDate"; Value = "17-Jul-2002"; VariantName = "[No Variations]"
Add component (AddParameter): Name = "LatestRevisionNote"; Value = "Re-released for DXP Platform."; VariantName = "[No Variations]"
Add component (AddParameter): Name = "Publisher"; Value = "Altium Limited"; VariantName = "[No Variations]"
Added Pin To Net: NetName=VCC_5 Pin=C26-1
Added Pin To Net: NetName=GND Pin=C26-2
Added Pin To Net: NetName=GND Pin=LED-6
Added Pin To Net: NetName=GND Pin=LED-7
Added Pin To Net: NetName=GND Pin=LED-8
Added Pin To Net: NetName=GND Pin=LED-9
Added Pin To Net: NetName=GND Pin=LED-10
Change Net Name : Old Net Name=NetC18_2 New Net Name=NetC17_2
Change Net Name : Old Net Name=NetC26_1 New Net Name=NetC25_1
Change Net Name : Old Net Name=NetC26_2 New Net Name=NetC25_2
Change Net Name : Old Net Name=NetHM-11_15 New Net Name=NetHM-1_15
Change Net Name : Old Net Name=NetR16_2 New Net Name=NetR15_2
Change Net Name : Old Net Name=NetR17_2 New Net Name=NetR16_2
Added Pin To Net: NetName=BUZZER Pin=LED-5
Added Pin To Net: NetName=BUZZER Pin=U1-29
Added Net: Name=BUZZER
Added Pin To Net: NetName=M_LED1 Pin=LED-1
Added Pin To Net: NetName=M_LED1 Pin=U1-15
Added Net: Name=M_LED1
Added Pin To Net: NetName=M_LED2 Pin=LED-2
Added Pin To Net: NetName=M_LED2 Pin=U1-2
Added Net: Name=M_LED2
Added Pin To Net: NetName=M_LED3 Pin=LED-3
Added Pin To Net: NetName=M_LED3 Pin=U1-3
Added Net: Name=M_LED3
Added Pin To Net: NetName=M_LED4 Pin=LED-4
Added Pin To Net: NetName=M_LED4 Pin=U1-4
Added Net: Name=M_LED4
Added Member To Class: ClassName=CanRotor_Mini(2) Member=Component C26 Cap Semi
Added Member To Class: ClassName=CanRotor_Mini(1) Member=Component LED Header 5X2A
