Change Component Designator: Old Designator=BAT1 New Designator=BAT?
Change Component Designator: Old Designator=C18 New Designator=C?
Change Component Designator: Old Designator=C19 New Designator=C?
Change Component Designator: Old Designator=C20 New Designator=C?
Change Component Designator: Old Designator=C21 New Designator=C?
Change Component Designator: Old Designator=C22 New Designator=C?
Change Component Designator: Old Designator=C23 New Designator=C?
Change Component Designator: Old Designator=C24 New Designator=C?
Change Component Designator: Old Designator=C25 New Designator=C?
Change Component Designator: Old Designator=C26 New Designator=C?
Change Component Designator: Old Designator=C27 New Designator=C?
Change Component Designator: Old Designator=C28 New Designator=C?
Change Component Designator: Old Designator=D1 New Designator=D?
Change Component Designator: Old Designator=D2 New Designator=D?
Change Component Designator: Old Designator=D3 New Designator=D?
Change Component Designator: Old Designator=D4 New Designator=D?
Change Component Designator: Old Designator=D5 New Designator=D?
Change Component Designator: Old Designator=L1 New Designator=L?
Change Component Designator: Old Designator=M1 New Designator=M?
Change Component Designator: Old Designator=M2 New Designator=M?
Change Component Designator: Old Designator=M3 New Designator=M?
Change Component Designator: Old Designator=M4 New Designator=M?
Change Component Designator: Old Designator=POWER1 New Designator=POWER?
Change Component Designator: Old Designator=PSW1 New Designator=PSW?
Change Component Designator: Old Designator=Q1 New Designator=Q?
Change Component Designator: Old Designator=Q2 New Designator=Q?
Change Component Designator: Old Designator=Q3 New Designator=Q?
Change Component Designator: Old Designator=Q4 New Designator=Q?
Change Component Designator: Old Designator=R8 New Designator=R?
Change Component Designator: Old Designator=R9 New Designator=R?
Change Component Designator: Old Designator=R10 New Designator=R?
Change Component Designator: Old Designator=R11 New Designator=R?
Change Component Designator: Old Designator=R12 New Designator=R?
Change Component Designator: Old Designator=R13 New Designator=R?
Change Component Designator: Old Designator=R14 New Designator=R?
Change Component Designator: Old Designator=R15 New Designator=R?
Change Component Designator: Old Designator=R16 New Designator=R?
Change Component Designator: Old Designator=R17 New Designator=R?
Change Component Designator: Old Designator=R18 New Designator=R?
Change Component Designator: Old Designator=R19 New Designator=R?
Change Component Designator: Old Designator=R20 New Designator=R?
Change Component Designator: Old Designator=R21 New Designator=R?
Change Component Designator: Old Designator=R22 New Designator=R?
Change Component Designator: Old Designator=R23 New Designator=R?
Change Component Designator: Old Designator=ST1 New Designator=ST?
Change Component Designator: Old Designator=ST2 New Designator=ST?
Change Component Designator: Old Designator=U4 New Designator=U?
Change Component Designator: Old Designator=U5 New Designator=U?
